nohup: ignoring input
Using profile profiles/scicore for setting default command line arguments.
Config file config/experiments.yaml is extended by additional config specified via the command line.
host: login12
Building DAG of jobs...
Using shell: /usr/bin/bash
Provided remote nodes: 4
Job stats:
job              count
-------------  -------
run_selection        8
aggregate            1
all                  1
total               10

Select jobs to execute...
Execute 4 jobs...

[Fri May 29 13:27:01 2026]
rule run_selection:
    output: /scicore/home/meuwly/boitti0000/epiplexity_storage/rmd17_aspirin_splits1_5/checkpoints/experiment_metadata/rmd17_aspirin_split03_gzip_bytes_zmat_ws10_st10_seed42/result_summary.json, /scicore/home/meuwly/boitti0000/epiplexity_storage/rmd17_aspirin_splits1_5/checkpoints/snakemake_done/rmd17_aspirin_split03_gzip_bytes_zmat_ws10_st10_seed42.done
    jobid: 30
    reason: Missing output files: /scicore/home/meuwly/boitti0000/epiplexity_storage/rmd17_aspirin_splits1_5/checkpoints/experiment_metadata/rmd17_aspirin_split03_gzip_bytes_zmat_ws10_st10_seed42/result_summary.json
    wildcards: run_name=rmd17_aspirin_split03_gzip_bytes_zmat_ws10_st10_seed42
    resources: tmpdir=<TBD>
Shell command: /scicore/home/meuwly/boitti0000/mmml/.venv/bin/python -m src.snakemake_runner run-selection --selection-name gzip_bytes_zmat_ws10_seed42 --output-json /scicore/home/meuwly/boitti0000/epiplexity_storage/rmd17_aspirin_splits1_5/checkpoints/experiment_metadata/rmd17_aspirin_split03_gzip_bytes_zmat_ws10_st10_seed42/result_summary.json --done-file /scicore/home/meuwly/boitti0000/epiplexity_storage/rmd17_aspirin_splits1_5/checkpoints/snakemake_done/rmd17_aspirin_split03_gzip_bytes_zmat_ws10_st10_seed42.done --molecule rmd17_aspirin --data-path /scicore/home/meuwly/boitti0000/data/rmd17/npz_data/rmd17_aspirin.npz --splits-dir '' --split-id 3 --ckpt-root /tmp/epiplexity_mlip/rmd17_aspirin_splits1_5/checkpoints --shared-ckpt-root /scicore/home/meuwly/boitti0000/epiplexity_storage/rmd17_aspirin_splits1_5/checkpoints --num-epochs 1000 --batch-size 50 --learning-rate 0.001 --n-train 950 --n-valid 50 --energy-weight 1.0 --forces-weight 52.91 --save-every-epoch False --save-every-n-epochs 50 --teacher-cutoff 12.0 --log-tb False --print-freq 1 --student-epochs 1000 --student-learning-rate 0.001 --student-features 32 --student-max-degree 0 --student-num-iterations 2 --student-num-basis-functions 16 --student-cutoff 12.0 --student-charges False --student-zbl False --convert-to-ev True --window-size 10 --stride 10 --train-fraction 0.95 --seeds 42 43 44 --metrics gzip_bytes_cart gzip_bytes_zmat gzip_bytes_soap --resume True --teacher-noise-scale 0.0 
Submitted job 30 with external jobid 'Submitted batch job 12824446'.

[Fri May 29 13:27:01 2026]
rule run_selection:
    output: /scicore/home/meuwly/boitti0000/epiplexity_storage/rmd17_aspirin_splits1_5/checkpoints/experiment_metadata/rmd17_aspirin_split04_random_seed44/result_summary.json, /scicore/home/meuwly/boitti0000/epiplexity_storage/rmd17_aspirin_splits1_5/checkpoints/snakemake_done/rmd17_aspirin_split04_random_seed44.done
    jobid: 40
    reason: Missing output files: /scicore/home/meuwly/boitti0000/epiplexity_storage/rmd17_aspirin_splits1_5/checkpoints/experiment_metadata/rmd17_aspirin_split04_random_seed44/result_summary.json
    wildcards: run_name=rmd17_aspirin_split04_random_seed44
    resources: tmpdir=<TBD>
Shell command: /scicore/home/meuwly/boitti0000/mmml/.venv/bin/python -m src.snakemake_runner run-selection --selection-name random_seed44 --output-json /scicore/home/meuwly/boitti0000/epiplexity_storage/rmd17_aspirin_splits1_5/checkpoints/experiment_metadata/rmd17_aspirin_split04_random_seed44/result_summary.json --done-file /scicore/home/meuwly/boitti0000/epiplexity_storage/rmd17_aspirin_splits1_5/checkpoints/snakemake_done/rmd17_aspirin_split04_random_seed44.done --molecule rmd17_aspirin --data-path /scicore/home/meuwly/boitti0000/data/rmd17/npz_data/rmd17_aspirin.npz --splits-dir '' --split-id 4 --ckpt-root /tmp/epiplexity_mlip/rmd17_aspirin_splits1_5/checkpoints --shared-ckpt-root /scicore/home/meuwly/boitti0000/epiplexity_storage/rmd17_aspirin_splits1_5/checkpoints --num-epochs 1000 --batch-size 50 --learning-rate 0.001 --n-train 950 --n-valid 50 --energy-weight 1.0 --forces-weight 52.91 --save-every-epoch False --save-every-n-epochs 50 --teacher-cutoff 12.0 --log-tb False --print-freq 1 --student-epochs 1000 --student-learning-rate 0.001 --student-features 32 --student-max-degree 0 --student-num-iterations 2 --student-num-basis-functions 16 --student-cutoff 12.0 --student-charges False --student-zbl False --convert-to-ev True --window-size 10 --stride 10 --train-fraction 0.95 --seeds 42 43 44 --metrics gzip_bytes_cart gzip_bytes_zmat gzip_bytes_soap --resume True --teacher-noise-scale 0.0 
Submitted job 40 with external jobid 'Submitted batch job 12824447'.

[Fri May 29 13:27:01 2026]
rule run_selection:
    output: /scicore/home/meuwly/boitti0000/epiplexity_storage/rmd17_aspirin_splits1_5/checkpoints/experiment_metadata/rmd17_aspirin_split01_gzip_bytes_soap_ws10_st10_seed43/result_summary.json, /scicore/home/meuwly/boitti0000/epiplexity_storage/rmd17_aspirin_splits1_5/checkpoints/snakemake_done/rmd17_aspirin_split01_gzip_bytes_soap_ws10_st10_seed43.done
    jobid: 10
    reason: Missing output files: /scicore/home/meuwly/boitti0000/epiplexity_storage/rmd17_aspirin_splits1_5/checkpoints/experiment_metadata/rmd17_aspirin_split01_gzip_bytes_soap_ws10_st10_seed43/result_summary.json
    wildcards: run_name=rmd17_aspirin_split01_gzip_bytes_soap_ws10_st10_seed43
    resources: tmpdir=<TBD>
Shell command: /scicore/home/meuwly/boitti0000/mmml/.venv/bin/python -m src.snakemake_runner run-selection --selection-name gzip_bytes_soap_ws10_seed43 --output-json /scicore/home/meuwly/boitti0000/epiplexity_storage/rmd17_aspirin_splits1_5/checkpoints/experiment_metadata/rmd17_aspirin_split01_gzip_bytes_soap_ws10_st10_seed43/result_summary.json --done-file /scicore/home/meuwly/boitti0000/epiplexity_storage/rmd17_aspirin_splits1_5/checkpoints/snakemake_done/rmd17_aspirin_split01_gzip_bytes_soap_ws10_st10_seed43.done --molecule rmd17_aspirin --data-path /scicore/home/meuwly/boitti0000/data/rmd17/npz_data/rmd17_aspirin.npz --splits-dir '' --split-id 1 --ckpt-root /tmp/epiplexity_mlip/rmd17_aspirin_splits1_5/checkpoints --shared-ckpt-root /scicore/home/meuwly/boitti0000/epiplexity_storage/rmd17_aspirin_splits1_5/checkpoints --num-epochs 1000 --batch-size 50 --learning-rate 0.001 --n-train 950 --n-valid 50 --energy-weight 1.0 --forces-weight 52.91 --save-every-epoch False --save-every-n-epochs 50 --teacher-cutoff 12.0 --log-tb False --print-freq 1 --student-epochs 1000 --student-learning-rate 0.001 --student-features 32 --student-max-degree 0 --student-num-iterations 2 --student-num-basis-functions 16 --student-cutoff 12.0 --student-charges False --student-zbl False --convert-to-ev True --window-size 10 --stride 10 --train-fraction 0.95 --seeds 42 43 44 --metrics gzip_bytes_cart gzip_bytes_zmat gzip_bytes_soap --resume True --teacher-noise-scale 0.0 
Submitted job 10 with external jobid 'Submitted batch job 12824448'.

[Fri May 29 13:27:01 2026]
rule run_selection:
    output: /scicore/home/meuwly/boitti0000/epiplexity_storage/rmd17_aspirin_splits1_5/checkpoints/experiment_metadata/rmd17_aspirin_split05_gzip_bytes_soap_ws10_st10_seed42/result_summary.json, /scicore/home/meuwly/boitti0000/epiplexity_storage/rmd17_aspirin_splits1_5/checkpoints/snakemake_done/rmd17_aspirin_split05_gzip_bytes_soap_ws10_st10_seed42.done
    jobid: 55
    reason: Missing output files: /scicore/home/meuwly/boitti0000/epiplexity_storage/rmd17_aspirin_splits1_5/checkpoints/experiment_metadata/rmd17_aspirin_split05_gzip_bytes_soap_ws10_st10_seed42/result_summary.json
    wildcards: run_name=rmd17_aspirin_split05_gzip_bytes_soap_ws10_st10_seed42
    resources: tmpdir=<TBD>
Shell command: /scicore/home/meuwly/boitti0000/mmml/.venv/bin/python -m src.snakemake_runner run-selection --selection-name gzip_bytes_soap_ws10_seed42 --output-json /scicore/home/meuwly/boitti0000/epiplexity_storage/rmd17_aspirin_splits1_5/checkpoints/experiment_metadata/rmd17_aspirin_split05_gzip_bytes_soap_ws10_st10_seed42/result_summary.json --done-file /scicore/home/meuwly/boitti0000/epiplexity_storage/rmd17_aspirin_splits1_5/checkpoints/snakemake_done/rmd17_aspirin_split05_gzip_bytes_soap_ws10_st10_seed42.done --molecule rmd17_aspirin --data-path /scicore/home/meuwly/boitti0000/data/rmd17/npz_data/rmd17_aspirin.npz --splits-dir '' --split-id 5 --ckpt-root /tmp/epiplexity_mlip/rmd17_aspirin_splits1_5/checkpoints --shared-ckpt-root /scicore/home/meuwly/boitti0000/epiplexity_storage/rmd17_aspirin_splits1_5/checkpoints --num-epochs 1000 --batch-size 50 --learning-rate 0.001 --n-train 950 --n-valid 50 --energy-weight 1.0 --forces-weight 52.91 --save-every-epoch False --save-every-n-epochs 50 --teacher-cutoff 12.0 --log-tb False --print-freq 1 --student-epochs 1000 --student-learning-rate 0.001 --student-features 32 --student-max-degree 0 --student-num-iterations 2 --student-num-basis-functions 16 --student-cutoff 12.0 --student-charges False --student-zbl False --convert-to-ev True --window-size 10 --stride 10 --train-fraction 0.95 --seeds 42 43 44 --metrics gzip_bytes_cart gzip_bytes_zmat gzip_bytes_soap --resume True --teacher-noise-scale 0.0 
Submitted job 55 with external jobid 'Submitted batch job 12824449'.
Select jobs to execute...
[Fri May 29 13:27:41 2026]
Error in rule run_selection:
    message: For further error details see the cluster/cloud log and the log files of the involved rule(s).
    jobid: 40
    output: /scicore/home/meuwly/boitti0000/epiplexity_storage/rmd17_aspirin_splits1_5/checkpoints/experiment_metadata/rmd17_aspirin_split04_random_seed44/result_summary.json, /scicore/home/meuwly/boitti0000/epiplexity_storage/rmd17_aspirin_splits1_5/checkpoints/snakemake_done/rmd17_aspirin_split04_random_seed44.done
    shell:
        /scicore/home/meuwly/boitti0000/mmml/.venv/bin/python -m src.snakemake_runner run-selection --selection-name random_seed44 --output-json /scicore/home/meuwly/boitti0000/epiplexity_storage/rmd17_aspirin_splits1_5/checkpoints/experiment_metadata/rmd17_aspirin_split04_random_seed44/result_summary.json --done-file /scicore/home/meuwly/boitti0000/epiplexity_storage/rmd17_aspirin_splits1_5/checkpoints/snakemake_done/rmd17_aspirin_split04_random_seed44.done --molecule rmd17_aspirin --data-path /scicore/home/meuwly/boitti0000/data/rmd17/npz_data/rmd17_aspirin.npz --splits-dir '' --split-id 4 --ckpt-root /tmp/epiplexity_mlip/rmd17_aspirin_splits1_5/checkpoints --shared-ckpt-root /scicore/home/meuwly/boitti0000/epiplexity_storage/rmd17_aspirin_splits1_5/checkpoints --num-epochs 1000 --batch-size 50 --learning-rate 0.001 --n-train 950 --n-valid 50 --energy-weight 1.0 --forces-weight 52.91 --save-every-epoch False --save-every-n-epochs 50 --teacher-cutoff 12.0 --log-tb False --print-freq 1 --student-epochs 1000 --student-learning-rate 0.001 --student-features 32 --student-max-degree 0 --student-num-iterations 2 --student-num-basis-functions 16 --student-cutoff 12.0 --student-charges False --student-zbl False --convert-to-ev True --window-size 10 --stride 10 --train-fraction 0.95 --seeds 42 43 44 --metrics gzip_bytes_cart gzip_bytes_zmat gzip_bytes_soap --resume True --teacher-noise-scale 0.0 
        (command exited with non-zero exit code)
    external_jobid: Submitted batch job 12824447
[Fri May 29 13:27:41 2026]
Error in rule run_selection:
    message: For further error details see the cluster/cloud log and the log files of the involved rule(s).
    jobid: 10
    output: /scicore/home/meuwly/boitti0000/epiplexity_storage/rmd17_aspirin_splits1_5/checkpoints/experiment_metadata/rmd17_aspirin_split01_gzip_bytes_soap_ws10_st10_seed43/result_summary.json, /scicore/home/meuwly/boitti0000/epiplexity_storage/rmd17_aspirin_splits1_5/checkpoints/snakemake_done/rmd17_aspirin_split01_gzip_bytes_soap_ws10_st10_seed43.done
    shell:
        /scicore/home/meuwly/boitti0000/mmml/.venv/bin/python -m src.snakemake_runner run-selection --selection-name gzip_bytes_soap_ws10_seed43 --output-json /scicore/home/meuwly/boitti0000/epiplexity_storage/rmd17_aspirin_splits1_5/checkpoints/experiment_metadata/rmd17_aspirin_split01_gzip_bytes_soap_ws10_st10_seed43/result_summary.json --done-file /scicore/home/meuwly/boitti0000/epiplexity_storage/rmd17_aspirin_splits1_5/checkpoints/snakemake_done/rmd17_aspirin_split01_gzip_bytes_soap_ws10_st10_seed43.done --molecule rmd17_aspirin --data-path /scicore/home/meuwly/boitti0000/data/rmd17/npz_data/rmd17_aspirin.npz --splits-dir '' --split-id 1 --ckpt-root /tmp/epiplexity_mlip/rmd17_aspirin_splits1_5/checkpoints --shared-ckpt-root /scicore/home/meuwly/boitti0000/epiplexity_storage/rmd17_aspirin_splits1_5/checkpoints --num-epochs 1000 --batch-size 50 --learning-rate 0.001 --n-train 950 --n-valid 50 --energy-weight 1.0 --forces-weight 52.91 --save-every-epoch False --save-every-n-epochs 50 --teacher-cutoff 12.0 --log-tb False --print-freq 1 --student-epochs 1000 --student-learning-rate 0.001 --student-features 32 --student-max-degree 0 --student-num-iterations 2 --student-num-basis-functions 16 --student-cutoff 12.0 --student-charges False --student-zbl False --convert-to-ev True --window-size 10 --stride 10 --train-fraction 0.95 --seeds 42 43 44 --metrics gzip_bytes_cart gzip_bytes_zmat gzip_bytes_soap --resume True --teacher-noise-scale 0.0 
        (command exited with non-zero exit code)
    external_jobid: Submitted batch job 12824448
[Fri May 29 13:27:42 2026]
Error in rule run_selection:
    message: For further error details see the cluster/cloud log and the log files of the involved rule(s).
    jobid: 55
    output: /scicore/home/meuwly/boitti0000/epiplexity_storage/rmd17_aspirin_splits1_5/checkpoints/experiment_metadata/rmd17_aspirin_split05_gzip_bytes_soap_ws10_st10_seed42/result_summary.json, /scicore/home/meuwly/boitti0000/epiplexity_storage/rmd17_aspirin_splits1_5/checkpoints/snakemake_done/rmd17_aspirin_split05_gzip_bytes_soap_ws10_st10_seed42.done
    shell:
        /scicore/home/meuwly/boitti0000/mmml/.venv/bin/python -m src.snakemake_runner run-selection --selection-name gzip_bytes_soap_ws10_seed42 --output-json /scicore/home/meuwly/boitti0000/epiplexity_storage/rmd17_aspirin_splits1_5/checkpoints/experiment_metadata/rmd17_aspirin_split05_gzip_bytes_soap_ws10_st10_seed42/result_summary.json --done-file /scicore/home/meuwly/boitti0000/epiplexity_storage/rmd17_aspirin_splits1_5/checkpoints/snakemake_done/rmd17_aspirin_split05_gzip_bytes_soap_ws10_st10_seed42.done --molecule rmd17_aspirin --data-path /scicore/home/meuwly/boitti0000/data/rmd17/npz_data/rmd17_aspirin.npz --splits-dir '' --split-id 5 --ckpt-root /tmp/epiplexity_mlip/rmd17_aspirin_splits1_5/checkpoints --shared-ckpt-root /scicore/home/meuwly/boitti0000/epiplexity_storage/rmd17_aspirin_splits1_5/checkpoints --num-epochs 1000 --batch-size 50 --learning-rate 0.001 --n-train 950 --n-valid 50 --energy-weight 1.0 --forces-weight 52.91 --save-every-epoch False --save-every-n-epochs 50 --teacher-cutoff 12.0 --log-tb False --print-freq 1 --student-epochs 1000 --student-learning-rate 0.001 --student-features 32 --student-max-degree 0 --student-num-iterations 2 --student-num-basis-functions 16 --student-cutoff 12.0 --student-charges False --student-zbl False --convert-to-ev True --window-size 10 --stride 10 --train-fraction 0.95 --seeds 42 43 44 --metrics gzip_bytes_cart gzip_bytes_zmat gzip_bytes_soap --resume True --teacher-noise-scale 0.0 
        (command exited with non-zero exit code)
    external_jobid: Submitted batch job 12824449
Execute 1 jobs...

[Fri May 29 13:27:42 2026]
rule run_selection:
    output: /scicore/home/meuwly/boitti0000/epiplexity_storage/rmd17_aspirin_splits1_5/checkpoints/experiment_metadata/rmd17_aspirin_split01_gzip_bytes_zmat_ws10_st10_seed43/result_summary.json, /scicore/home/meuwly/boitti0000/epiplexity_storage/rmd17_aspirin_splits1_5/checkpoints/snakemake_done/rmd17_aspirin_split01_gzip_bytes_zmat_ws10_st10_seed43.done
    jobid: 9
    reason: Missing output files: /scicore/home/meuwly/boitti0000/epiplexity_storage/rmd17_aspirin_splits1_5/checkpoints/experiment_metadata/rmd17_aspirin_split01_gzip_bytes_zmat_ws10_st10_seed43/result_summary.json
    wildcards: run_name=rmd17_aspirin_split01_gzip_bytes_zmat_ws10_st10_seed43
    resources: tmpdir=<TBD>
Shell command: /scicore/home/meuwly/boitti0000/mmml/.venv/bin/python -m src.snakemake_runner run-selection --selection-name gzip_bytes_zmat_ws10_seed43 --output-json /scicore/home/meuwly/boitti0000/epiplexity_storage/rmd17_aspirin_splits1_5/checkpoints/experiment_metadata/rmd17_aspirin_split01_gzip_bytes_zmat_ws10_st10_seed43/result_summary.json --done-file /scicore/home/meuwly/boitti0000/epiplexity_storage/rmd17_aspirin_splits1_5/checkpoints/snakemake_done/rmd17_aspirin_split01_gzip_bytes_zmat_ws10_st10_seed43.done --molecule rmd17_aspirin --data-path /scicore/home/meuwly/boitti0000/data/rmd17/npz_data/rmd17_aspirin.npz --splits-dir '' --split-id 1 --ckpt-root /tmp/epiplexity_mlip/rmd17_aspirin_splits1_5/checkpoints --shared-ckpt-root /scicore/home/meuwly/boitti0000/epiplexity_storage/rmd17_aspirin_splits1_5/checkpoints --num-epochs 1000 --batch-size 50 --learning-rate 0.001 --n-train 950 --n-valid 50 --energy-weight 1.0 --forces-weight 52.91 --save-every-epoch False --save-every-n-epochs 50 --teacher-cutoff 12.0 --log-tb False --print-freq 1 --student-epochs 1000 --student-learning-rate 0.001 --student-features 32 --student-max-degree 0 --student-num-iterations 2 --student-num-basis-functions 16 --student-cutoff 12.0 --student-charges False --student-zbl False --convert-to-ev True --window-size 10 --stride 10 --train-fraction 0.95 --seeds 42 43 44 --metrics gzip_bytes_cart gzip_bytes_zmat gzip_bytes_soap --resume True --teacher-noise-scale 0.0 
Submitted job 9 with external jobid 'Submitted batch job 12824678'.
Select jobs to execute...
Execute 2 jobs...

[Fri May 29 13:27:42 2026]
rule run_selection:
    output: /scicore/home/meuwly/boitti0000/epiplexity_storage/rmd17_aspirin_splits1_5/checkpoints/experiment_metadata/rmd17_aspirin_split03_gzip_bytes_cart_ws10_st10_seed42/result_summary.json, /scicore/home/meuwly/boitti0000/epiplexity_storage/rmd17_aspirin_splits1_5/checkpoints/snakemake_done/rmd17_aspirin_split03_gzip_bytes_cart_ws10_st10_seed42.done
    jobid: 29
    reason: Missing output files: /scicore/home/meuwly/boitti0000/epiplexity_storage/rmd17_aspirin_splits1_5/checkpoints/experiment_metadata/rmd17_aspirin_split03_gzip_bytes_cart_ws10_st10_seed42/result_summary.json
    wildcards: run_name=rmd17_aspirin_split03_gzip_bytes_cart_ws10_st10_seed42
    resources: tmpdir=<TBD>
Shell command: /scicore/home/meuwly/boitti0000/mmml/.venv/bin/python -m src.snakemake_runner run-selection --selection-name gzip_bytes_cart_ws10_seed42 --output-json /scicore/home/meuwly/boitti0000/epiplexity_storage/rmd17_aspirin_splits1_5/checkpoints/experiment_metadata/rmd17_aspirin_split03_gzip_bytes_cart_ws10_st10_seed42/result_summary.json --done-file /scicore/home/meuwly/boitti0000/epiplexity_storage/rmd17_aspirin_splits1_5/checkpoints/snakemake_done/rmd17_aspirin_split03_gzip_bytes_cart_ws10_st10_seed42.done --molecule rmd17_aspirin --data-path /scicore/home/meuwly/boitti0000/data/rmd17/npz_data/rmd17_aspirin.npz --splits-dir '' --split-id 3 --ckpt-root /tmp/epiplexity_mlip/rmd17_aspirin_splits1_5/checkpoints --shared-ckpt-root /scicore/home/meuwly/boitti0000/epiplexity_storage/rmd17_aspirin_splits1_5/checkpoints --num-epochs 1000 --batch-size 50 --learning-rate 0.001 --n-train 950 --n-valid 50 --energy-weight 1.0 --forces-weight 52.91 --save-every-epoch False --save-every-n-epochs 50 --teacher-cutoff 12.0 --log-tb False --print-freq 1 --student-epochs 1000 --student-learning-rate 0.001 --student-features 32 --student-max-degree 0 --student-num-iterations 2 --student-num-basis-functions 16 --student-cutoff 12.0 --student-charges False --student-zbl False --convert-to-ev True --window-size 10 --stride 10 --train-fraction 0.95 --seeds 42 43 44 --metrics gzip_bytes_cart gzip_bytes_zmat gzip_bytes_soap --resume True --teacher-noise-scale 0.0 
Submitted job 29 with external jobid 'Submitted batch job 12824679'.

[Fri May 29 13:27:42 2026]
rule run_selection:
    output: /scicore/home/meuwly/boitti0000/epiplexity_storage/rmd17_aspirin_splits1_5/checkpoints/experiment_metadata/rmd17_aspirin_split02_random_seed42/result_summary.json, /scicore/home/meuwly/boitti0000/epiplexity_storage/rmd17_aspirin_splits1_5/checkpoints/snakemake_done/rmd17_aspirin_split02_random_seed42.done
    jobid: 14
    reason: Missing output files: /scicore/home/meuwly/boitti0000/epiplexity_storage/rmd17_aspirin_splits1_5/checkpoints/experiment_metadata/rmd17_aspirin_split02_random_seed42/result_summary.json
    wildcards: run_name=rmd17_aspirin_split02_random_seed42
    resources: tmpdir=<TBD>
Shell command: /scicore/home/meuwly/boitti0000/mmml/.venv/bin/python -m src.snakemake_runner run-selection --selection-name random_seed42 --output-json /scicore/home/meuwly/boitti0000/epiplexity_storage/rmd17_aspirin_splits1_5/checkpoints/experiment_metadata/rmd17_aspirin_split02_random_seed42/result_summary.json --done-file /scicore/home/meuwly/boitti0000/epiplexity_storage/rmd17_aspirin_splits1_5/checkpoints/snakemake_done/rmd17_aspirin_split02_random_seed42.done --molecule rmd17_aspirin --data-path /scicore/home/meuwly/boitti0000/data/rmd17/npz_data/rmd17_aspirin.npz --splits-dir '' --split-id 2 --ckpt-root /tmp/epiplexity_mlip/rmd17_aspirin_splits1_5/checkpoints --shared-ckpt-root /scicore/home/meuwly/boitti0000/epiplexity_storage/rmd17_aspirin_splits1_5/checkpoints --num-epochs 1000 --batch-size 50 --learning-rate 0.001 --n-train 950 --n-valid 50 --energy-weight 1.0 --forces-weight 52.91 --save-every-epoch False --save-every-n-epochs 50 --teacher-cutoff 12.0 --log-tb False --print-freq 1 --student-epochs 1000 --student-learning-rate 0.001 --student-features 32 --student-max-degree 0 --student-num-iterations 2 --student-num-basis-functions 16 --student-cutoff 12.0 --student-charges False --student-zbl False --convert-to-ev True --window-size 10 --stride 10 --train-fraction 0.95 --seeds 42 43 44 --metrics gzip_bytes_cart gzip_bytes_zmat gzip_bytes_soap --resume True --teacher-noise-scale 0.0 
Submitted job 14 with external jobid 'Submitted batch job 12824680'.
Select jobs to execute...
[Fri May 29 13:28:22 2026]
Error in rule run_selection:
    message: For further error details see the cluster/cloud log and the log files of the involved rule(s).
    jobid: 30
    output: /scicore/home/meuwly/boitti0000/epiplexity_storage/rmd17_aspirin_splits1_5/checkpoints/experiment_metadata/rmd17_aspirin_split03_gzip_bytes_zmat_ws10_st10_seed42/result_summary.json, /scicore/home/meuwly/boitti0000/epiplexity_storage/rmd17_aspirin_splits1_5/checkpoints/snakemake_done/rmd17_aspirin_split03_gzip_bytes_zmat_ws10_st10_seed42.done
    shell:
        /scicore/home/meuwly/boitti0000/mmml/.venv/bin/python -m src.snakemake_runner run-selection --selection-name gzip_bytes_zmat_ws10_seed42 --output-json /scicore/home/meuwly/boitti0000/epiplexity_storage/rmd17_aspirin_splits1_5/checkpoints/experiment_metadata/rmd17_aspirin_split03_gzip_bytes_zmat_ws10_st10_seed42/result_summary.json --done-file /scicore/home/meuwly/boitti0000/epiplexity_storage/rmd17_aspirin_splits1_5/checkpoints/snakemake_done/rmd17_aspirin_split03_gzip_bytes_zmat_ws10_st10_seed42.done --molecule rmd17_aspirin --data-path /scicore/home/meuwly/boitti0000/data/rmd17/npz_data/rmd17_aspirin.npz --splits-dir '' --split-id 3 --ckpt-root /tmp/epiplexity_mlip/rmd17_aspirin_splits1_5/checkpoints --shared-ckpt-root /scicore/home/meuwly/boitti0000/epiplexity_storage/rmd17_aspirin_splits1_5/checkpoints --num-epochs 1000 --batch-size 50 --learning-rate 0.001 --n-train 950 --n-valid 50 --energy-weight 1.0 --forces-weight 52.91 --save-every-epoch False --save-every-n-epochs 50 --teacher-cutoff 12.0 --log-tb False --print-freq 1 --student-epochs 1000 --student-learning-rate 0.001 --student-features 32 --student-max-degree 0 --student-num-iterations 2 --student-num-basis-functions 16 --student-cutoff 12.0 --student-charges False --student-zbl False --convert-to-ev True --window-size 10 --stride 10 --train-fraction 0.95 --seeds 42 43 44 --metrics gzip_bytes_cart gzip_bytes_zmat gzip_bytes_soap --resume True --teacher-noise-scale 0.0 
        (command exited with non-zero exit code)
    external_jobid: Submitted batch job 12824446
[Fri May 29 13:28:22 2026]
Error in rule run_selection:
    message: For further error details see the cluster/cloud log and the log files of the involved rule(s).
    jobid: 9
    output: /scicore/home/meuwly/boitti0000/epiplexity_storage/rmd17_aspirin_splits1_5/checkpoints/experiment_metadata/rmd17_aspirin_split01_gzip_bytes_zmat_ws10_st10_seed43/result_summary.json, /scicore/home/meuwly/boitti0000/epiplexity_storage/rmd17_aspirin_splits1_5/checkpoints/snakemake_done/rmd17_aspirin_split01_gzip_bytes_zmat_ws10_st10_seed43.done
    shell:
        /scicore/home/meuwly/boitti0000/mmml/.venv/bin/python -m src.snakemake_runner run-selection --selection-name gzip_bytes_zmat_ws10_seed43 --output-json /scicore/home/meuwly/boitti0000/epiplexity_storage/rmd17_aspirin_splits1_5/checkpoints/experiment_metadata/rmd17_aspirin_split01_gzip_bytes_zmat_ws10_st10_seed43/result_summary.json --done-file /scicore/home/meuwly/boitti0000/epiplexity_storage/rmd17_aspirin_splits1_5/checkpoints/snakemake_done/rmd17_aspirin_split01_gzip_bytes_zmat_ws10_st10_seed43.done --molecule rmd17_aspirin --data-path /scicore/home/meuwly/boitti0000/data/rmd17/npz_data/rmd17_aspirin.npz --splits-dir '' --split-id 1 --ckpt-root /tmp/epiplexity_mlip/rmd17_aspirin_splits1_5/checkpoints --shared-ckpt-root /scicore/home/meuwly/boitti0000/epiplexity_storage/rmd17_aspirin_splits1_5/checkpoints --num-epochs 1000 --batch-size 50 --learning-rate 0.001 --n-train 950 --n-valid 50 --energy-weight 1.0 --forces-weight 52.91 --save-every-epoch False --save-every-n-epochs 50 --teacher-cutoff 12.0 --log-tb False --print-freq 1 --student-epochs 1000 --student-learning-rate 0.001 --student-features 32 --student-max-degree 0 --student-num-iterations 2 --student-num-basis-functions 16 --student-cutoff 12.0 --student-charges False --student-zbl False --convert-to-ev True --window-size 10 --stride 10 --train-fraction 0.95 --seeds 42 43 44 --metrics gzip_bytes_cart gzip_bytes_zmat gzip_bytes_soap --resume True --teacher-noise-scale 0.0 
        (command exited with non-zero exit code)
    external_jobid: Submitted batch job 12824678
[Fri May 29 13:28:22 2026]
Error in rule run_selection:
    message: For further error details see the cluster/cloud log and the log files of the involved rule(s).
    jobid: 29
    output: /scicore/home/meuwly/boitti0000/epiplexity_storage/rmd17_aspirin_splits1_5/checkpoints/experiment_metadata/rmd17_aspirin_split03_gzip_bytes_cart_ws10_st10_seed42/result_summary.json, /scicore/home/meuwly/boitti0000/epiplexity_storage/rmd17_aspirin_splits1_5/checkpoints/snakemake_done/rmd17_aspirin_split03_gzip_bytes_cart_ws10_st10_seed42.done
    shell:
        /scicore/home/meuwly/boitti0000/mmml/.venv/bin/python -m src.snakemake_runner run-selection --selection-name gzip_bytes_cart_ws10_seed42 --output-json /scicore/home/meuwly/boitti0000/epiplexity_storage/rmd17_aspirin_splits1_5/checkpoints/experiment_metadata/rmd17_aspirin_split03_gzip_bytes_cart_ws10_st10_seed42/result_summary.json --done-file /scicore/home/meuwly/boitti0000/epiplexity_storage/rmd17_aspirin_splits1_5/checkpoints/snakemake_done/rmd17_aspirin_split03_gzip_bytes_cart_ws10_st10_seed42.done --molecule rmd17_aspirin --data-path /scicore/home/meuwly/boitti0000/data/rmd17/npz_data/rmd17_aspirin.npz --splits-dir '' --split-id 3 --ckpt-root /tmp/epiplexity_mlip/rmd17_aspirin_splits1_5/checkpoints --shared-ckpt-root /scicore/home/meuwly/boitti0000/epiplexity_storage/rmd17_aspirin_splits1_5/checkpoints --num-epochs 1000 --batch-size 50 --learning-rate 0.001 --n-train 950 --n-valid 50 --energy-weight 1.0 --forces-weight 52.91 --save-every-epoch False --save-every-n-epochs 50 --teacher-cutoff 12.0 --log-tb False --print-freq 1 --student-epochs 1000 --student-learning-rate 0.001 --student-features 32 --student-max-degree 0 --student-num-iterations 2 --student-num-basis-functions 16 --student-cutoff 12.0 --student-charges False --student-zbl False --convert-to-ev True --window-size 10 --stride 10 --train-fraction 0.95 --seeds 42 43 44 --metrics gzip_bytes_cart gzip_bytes_zmat gzip_bytes_soap --resume True --teacher-noise-scale 0.0 
        (command exited with non-zero exit code)
    external_jobid: Submitted batch job 12824679
Execute 1 jobs...

[Fri May 29 13:28:22 2026]
rule run_selection:
    output: /scicore/home/meuwly/boitti0000/epiplexity_storage/rmd17_aspirin_splits1_5/checkpoints/experiment_metadata/rmd17_aspirin_split02_gzip_bytes_zmat_ws10_st10_seed44/result_summary.json, /scicore/home/meuwly/boitti0000/epiplexity_storage/rmd17_aspirin_splits1_5/checkpoints/snakemake_done/rmd17_aspirin_split02_gzip_bytes_zmat_ws10_st10_seed44.done
    jobid: 24
    reason: Missing output files: /scicore/home/meuwly/boitti0000/epiplexity_storage/rmd17_aspirin_splits1_5/checkpoints/experiment_metadata/rmd17_aspirin_split02_gzip_bytes_zmat_ws10_st10_seed44/result_summary.json
    wildcards: run_name=rmd17_aspirin_split02_gzip_bytes_zmat_ws10_st10_seed44
    resources: tmpdir=<TBD>
Shell command: /scicore/home/meuwly/boitti0000/mmml/.venv/bin/python -m src.snakemake_runner run-selection --selection-name gzip_bytes_zmat_ws10_seed44 --output-json /scicore/home/meuwly/boitti0000/epiplexity_storage/rmd17_aspirin_splits1_5/checkpoints/experiment_metadata/rmd17_aspirin_split02_gzip_bytes_zmat_ws10_st10_seed44/result_summary.json --done-file /scicore/home/meuwly/boitti0000/epiplexity_storage/rmd17_aspirin_splits1_5/checkpoints/snakemake_done/rmd17_aspirin_split02_gzip_bytes_zmat_ws10_st10_seed44.done --molecule rmd17_aspirin --data-path /scicore/home/meuwly/boitti0000/data/rmd17/npz_data/rmd17_aspirin.npz --splits-dir '' --split-id 2 --ckpt-root /tmp/epiplexity_mlip/rmd17_aspirin_splits1_5/checkpoints --shared-ckpt-root /scicore/home/meuwly/boitti0000/epiplexity_storage/rmd17_aspirin_splits1_5/checkpoints --num-epochs 1000 --batch-size 50 --learning-rate 0.001 --n-train 950 --n-valid 50 --energy-weight 1.0 --forces-weight 52.91 --save-every-epoch False --save-every-n-epochs 50 --teacher-cutoff 12.0 --log-tb False --print-freq 1 --student-epochs 1000 --student-learning-rate 0.001 --student-features 32 --student-max-degree 0 --student-num-iterations 2 --student-num-basis-functions 16 --student-cutoff 12.0 --student-charges False --student-zbl False --convert-to-ev True --window-size 10 --stride 10 --train-fraction 0.95 --seeds 42 43 44 --metrics gzip_bytes_cart gzip_bytes_zmat gzip_bytes_soap --resume True --teacher-noise-scale 0.0 
[Fri May 29 13:28:22 2026]
Error in rule run_selection:
    message: For further error details see the cluster/cloud log and the log files of the involved rule(s).
    jobid: 14
    output: /scicore/home/meuwly/boitti0000/epiplexity_storage/rmd17_aspirin_splits1_5/checkpoints/experiment_metadata/rmd17_aspirin_split02_random_seed42/result_summary.json, /scicore/home/meuwly/boitti0000/epiplexity_storage/rmd17_aspirin_splits1_5/checkpoints/snakemake_done/rmd17_aspirin_split02_random_seed42.done
    shell:
        /scicore/home/meuwly/boitti0000/mmml/.venv/bin/python -m src.snakemake_runner run-selection --selection-name random_seed42 --output-json /scicore/home/meuwly/boitti0000/epiplexity_storage/rmd17_aspirin_splits1_5/checkpoints/experiment_metadata/rmd17_aspirin_split02_random_seed42/result_summary.json --done-file /scicore/home/meuwly/boitti0000/epiplexity_storage/rmd17_aspirin_splits1_5/checkpoints/snakemake_done/rmd17_aspirin_split02_random_seed42.done --molecule rmd17_aspirin --data-path /scicore/home/meuwly/boitti0000/data/rmd17/npz_data/rmd17_aspirin.npz --splits-dir '' --split-id 2 --ckpt-root /tmp/epiplexity_mlip/rmd17_aspirin_splits1_5/checkpoints --shared-ckpt-root /scicore/home/meuwly/boitti0000/epiplexity_storage/rmd17_aspirin_splits1_5/checkpoints --num-epochs 1000 --batch-size 50 --learning-rate 0.001 --n-train 950 --n-valid 50 --energy-weight 1.0 --forces-weight 52.91 --save-every-epoch False --save-every-n-epochs 50 --teacher-cutoff 12.0 --log-tb False --print-freq 1 --student-epochs 1000 --student-learning-rate 0.001 --student-features 32 --student-max-degree 0 --student-num-iterations 2 --student-num-basis-functions 16 --student-cutoff 12.0 --student-charges False --student-zbl False --convert-to-ev True --window-size 10 --stride 10 --train-fraction 0.95 --seeds 42 43 44 --metrics gzip_bytes_cart gzip_bytes_zmat gzip_bytes_soap --resume True --teacher-noise-scale 0.0 
        (command exited with non-zero exit code)
    external_jobid: Submitted batch job 12824680
Submitted job 24 with external jobid 'Submitted batch job 12824920'.
[Fri May 29 13:29:02 2026]
Error in rule run_selection:
    message: For further error details see the cluster/cloud log and the log files of the involved rule(s).
    jobid: 24
    output: /scicore/home/meuwly/boitti0000/epiplexity_storage/rmd17_aspirin_splits1_5/checkpoints/experiment_metadata/rmd17_aspirin_split02_gzip_bytes_zmat_ws10_st10_seed44/result_summary.json, /scicore/home/meuwly/boitti0000/epiplexity_storage/rmd17_aspirin_splits1_5/checkpoints/snakemake_done/rmd17_aspirin_split02_gzip_bytes_zmat_ws10_st10_seed44.done
    shell:
        /scicore/home/meuwly/boitti0000/mmml/.venv/bin/python -m src.snakemake_runner run-selection --selection-name gzip_bytes_zmat_ws10_seed44 --output-json /scicore/home/meuwly/boitti0000/epiplexity_storage/rmd17_aspirin_splits1_5/checkpoints/experiment_metadata/rmd17_aspirin_split02_gzip_bytes_zmat_ws10_st10_seed44/result_summary.json --done-file /scicore/home/meuwly/boitti0000/epiplexity_storage/rmd17_aspirin_splits1_5/checkpoints/snakemake_done/rmd17_aspirin_split02_gzip_bytes_zmat_ws10_st10_seed44.done --molecule rmd17_aspirin --data-path /scicore/home/meuwly/boitti0000/data/rmd17/npz_data/rmd17_aspirin.npz --splits-dir '' --split-id 2 --ckpt-root /tmp/epiplexity_mlip/rmd17_aspirin_splits1_5/checkpoints --shared-ckpt-root /scicore/home/meuwly/boitti0000/epiplexity_storage/rmd17_aspirin_splits1_5/checkpoints --num-epochs 1000 --batch-size 50 --learning-rate 0.001 --n-train 950 --n-valid 50 --energy-weight 1.0 --forces-weight 52.91 --save-every-epoch False --save-every-n-epochs 50 --teacher-cutoff 12.0 --log-tb False --print-freq 1 --student-epochs 1000 --student-learning-rate 0.001 --student-features 32 --student-max-degree 0 --student-num-iterations 2 --student-num-basis-functions 16 --student-cutoff 12.0 --student-charges False --student-zbl False --convert-to-ev True --window-size 10 --stride 10 --train-fraction 0.95 --seeds 42 43 44 --metrics gzip_bytes_cart gzip_bytes_zmat gzip_bytes_soap --resume True --teacher-noise-scale 0.0 
        (command exited with non-zero exit code)
    external_jobid: Submitted batch job 12824920
Exiting because a job execution failed. Look below for error messages
[Fri May 29 13:29:12 2026]
Error in rule run_selection:
    message: None
    jobid: 30
    output: /scicore/home/meuwly/boitti0000/epiplexity_storage/rmd17_aspirin_splits1_5/checkpoints/experiment_metadata/rmd17_aspirin_split03_gzip_bytes_zmat_ws10_st10_seed42/result_summary.json, /scicore/home/meuwly/boitti0000/epiplexity_storage/rmd17_aspirin_splits1_5/checkpoints/snakemake_done/rmd17_aspirin_split03_gzip_bytes_zmat_ws10_st10_seed42.done
    shell:
        /scicore/home/meuwly/boitti0000/mmml/.venv/bin/python -m src.snakemake_runner run-selection --selection-name gzip_bytes_zmat_ws10_seed42 --output-json /scicore/home/meuwly/boitti0000/epiplexity_storage/rmd17_aspirin_splits1_5/checkpoints/experiment_metadata/rmd17_aspirin_split03_gzip_bytes_zmat_ws10_st10_seed42/result_summary.json --done-file /scicore/home/meuwly/boitti0000/epiplexity_storage/rmd17_aspirin_splits1_5/checkpoints/snakemake_done/rmd17_aspirin_split03_gzip_bytes_zmat_ws10_st10_seed42.done --molecule rmd17_aspirin --data-path /scicore/home/meuwly/boitti0000/data/rmd17/npz_data/rmd17_aspirin.npz --splits-dir '' --split-id 3 --ckpt-root /tmp/epiplexity_mlip/rmd17_aspirin_splits1_5/checkpoints --shared-ckpt-root /scicore/home/meuwly/boitti0000/epiplexity_storage/rmd17_aspirin_splits1_5/checkpoints --num-epochs 1000 --batch-size 50 --learning-rate 0.001 --n-train 950 --n-valid 50 --energy-weight 1.0 --forces-weight 52.91 --save-every-epoch False --save-every-n-epochs 50 --teacher-cutoff 12.0 --log-tb False --print-freq 1 --student-epochs 1000 --student-learning-rate 0.001 --student-features 32 --student-max-degree 0 --student-num-iterations 2 --student-num-basis-functions 16 --student-cutoff 12.0 --student-charges False --student-zbl False --convert-to-ev True --window-size 10 --stride 10 --train-fraction 0.95 --seeds 42 43 44 --metrics gzip_bytes_cart gzip_bytes_zmat gzip_bytes_soap --resume True --teacher-noise-scale 0.0 
        (command exited with non-zero exit code)
[Fri May 29 13:29:12 2026]
Error in rule run_selection:
    message: None
    jobid: 40
    output: /scicore/home/meuwly/boitti0000/epiplexity_storage/rmd17_aspirin_splits1_5/checkpoints/experiment_metadata/rmd17_aspirin_split04_random_seed44/result_summary.json, /scicore/home/meuwly/boitti0000/epiplexity_storage/rmd17_aspirin_splits1_5/checkpoints/snakemake_done/rmd17_aspirin_split04_random_seed44.done
    shell:
        /scicore/home/meuwly/boitti0000/mmml/.venv/bin/python -m src.snakemake_runner run-selection --selection-name random_seed44 --output-json /scicore/home/meuwly/boitti0000/epiplexity_storage/rmd17_aspirin_splits1_5/checkpoints/experiment_metadata/rmd17_aspirin_split04_random_seed44/result_summary.json --done-file /scicore/home/meuwly/boitti0000/epiplexity_storage/rmd17_aspirin_splits1_5/checkpoints/snakemake_done/rmd17_aspirin_split04_random_seed44.done --molecule rmd17_aspirin --data-path /scicore/home/meuwly/boitti0000/data/rmd17/npz_data/rmd17_aspirin.npz --splits-dir '' --split-id 4 --ckpt-root /tmp/epiplexity_mlip/rmd17_aspirin_splits1_5/checkpoints --shared-ckpt-root /scicore/home/meuwly/boitti0000/epiplexity_storage/rmd17_aspirin_splits1_5/checkpoints --num-epochs 1000 --batch-size 50 --learning-rate 0.001 --n-train 950 --n-valid 50 --energy-weight 1.0 --forces-weight 52.91 --save-every-epoch False --save-every-n-epochs 50 --teacher-cutoff 12.0 --log-tb False --print-freq 1 --student-epochs 1000 --student-learning-rate 0.001 --student-features 32 --student-max-degree 0 --student-num-iterations 2 --student-num-basis-functions 16 --student-cutoff 12.0 --student-charges False --student-zbl False --convert-to-ev True --window-size 10 --stride 10 --train-fraction 0.95 --seeds 42 43 44 --metrics gzip_bytes_cart gzip_bytes_zmat gzip_bytes_soap --resume True --teacher-noise-scale 0.0 
        (command exited with non-zero exit code)
[Fri May 29 13:29:12 2026]
Error in rule run_selection:
    message: None
    jobid: 10
    output: /scicore/home/meuwly/boitti0000/epiplexity_storage/rmd17_aspirin_splits1_5/checkpoints/experiment_metadata/rmd17_aspirin_split01_gzip_bytes_soap_ws10_st10_seed43/result_summary.json, /scicore/home/meuwly/boitti0000/epiplexity_storage/rmd17_aspirin_splits1_5/checkpoints/snakemake_done/rmd17_aspirin_split01_gzip_bytes_soap_ws10_st10_seed43.done
    shell:
        /scicore/home/meuwly/boitti0000/mmml/.venv/bin/python -m src.snakemake_runner run-selection --selection-name gzip_bytes_soap_ws10_seed43 --output-json /scicore/home/meuwly/boitti0000/epiplexity_storage/rmd17_aspirin_splits1_5/checkpoints/experiment_metadata/rmd17_aspirin_split01_gzip_bytes_soap_ws10_st10_seed43/result_summary.json --done-file /scicore/home/meuwly/boitti0000/epiplexity_storage/rmd17_aspirin_splits1_5/checkpoints/snakemake_done/rmd17_aspirin_split01_gzip_bytes_soap_ws10_st10_seed43.done --molecule rmd17_aspirin --data-path /scicore/home/meuwly/boitti0000/data/rmd17/npz_data/rmd17_aspirin.npz --splits-dir '' --split-id 1 --ckpt-root /tmp/epiplexity_mlip/rmd17_aspirin_splits1_5/checkpoints --shared-ckpt-root /scicore/home/meuwly/boitti0000/epiplexity_storage/rmd17_aspirin_splits1_5/checkpoints --num-epochs 1000 --batch-size 50 --learning-rate 0.001 --n-train 950 --n-valid 50 --energy-weight 1.0 --forces-weight 52.91 --save-every-epoch False --save-every-n-epochs 50 --teacher-cutoff 12.0 --log-tb False --print-freq 1 --student-epochs 1000 --student-learning-rate 0.001 --student-features 32 --student-max-degree 0 --student-num-iterations 2 --student-num-basis-functions 16 --student-cutoff 12.0 --student-charges False --student-zbl False --convert-to-ev True --window-size 10 --stride 10 --train-fraction 0.95 --seeds 42 43 44 --metrics gzip_bytes_cart gzip_bytes_zmat gzip_bytes_soap --resume True --teacher-noise-scale 0.0 
        (command exited with non-zero exit code)
[Fri May 29 13:29:12 2026]
Error in rule run_selection:
    message: None
    jobid: 55
    output: /scicore/home/meuwly/boitti0000/epiplexity_storage/rmd17_aspirin_splits1_5/checkpoints/experiment_metadata/rmd17_aspirin_split05_gzip_bytes_soap_ws10_st10_seed42/result_summary.json, /scicore/home/meuwly/boitti0000/epiplexity_storage/rmd17_aspirin_splits1_5/checkpoints/snakemake_done/rmd17_aspirin_split05_gzip_bytes_soap_ws10_st10_seed42.done
    shell:
        /scicore/home/meuwly/boitti0000/mmml/.venv/bin/python -m src.snakemake_runner run-selection --selection-name gzip_bytes_soap_ws10_seed42 --output-json /scicore/home/meuwly/boitti0000/epiplexity_storage/rmd17_aspirin_splits1_5/checkpoints/experiment_metadata/rmd17_aspirin_split05_gzip_bytes_soap_ws10_st10_seed42/result_summary.json --done-file /scicore/home/meuwly/boitti0000/epiplexity_storage/rmd17_aspirin_splits1_5/checkpoints/snakemake_done/rmd17_aspirin_split05_gzip_bytes_soap_ws10_st10_seed42.done --molecule rmd17_aspirin --data-path /scicore/home/meuwly/boitti0000/data/rmd17/npz_data/rmd17_aspirin.npz --splits-dir '' --split-id 5 --ckpt-root /tmp/epiplexity_mlip/rmd17_aspirin_splits1_5/checkpoints --shared-ckpt-root /scicore/home/meuwly/boitti0000/epiplexity_storage/rmd17_aspirin_splits1_5/checkpoints --num-epochs 1000 --batch-size 50 --learning-rate 0.001 --n-train 950 --n-valid 50 --energy-weight 1.0 --forces-weight 52.91 --save-every-epoch False --save-every-n-epochs 50 --teacher-cutoff 12.0 --log-tb False --print-freq 1 --student-epochs 1000 --student-learning-rate 0.001 --student-features 32 --student-max-degree 0 --student-num-iterations 2 --student-num-basis-functions 16 --student-cutoff 12.0 --student-charges False --student-zbl False --convert-to-ev True --window-size 10 --stride 10 --train-fraction 0.95 --seeds 42 43 44 --metrics gzip_bytes_cart gzip_bytes_zmat gzip_bytes_soap --resume True --teacher-noise-scale 0.0 
        (command exited with non-zero exit code)
[Fri May 29 13:29:12 2026]
Error in rule run_selection:
    message: None
    jobid: 29
    output: /scicore/home/meuwly/boitti0000/epiplexity_storage/rmd17_aspirin_splits1_5/checkpoints/experiment_metadata/rmd17_aspirin_split03_gzip_bytes_cart_ws10_st10_seed42/result_summary.json, /scicore/home/meuwly/boitti0000/epiplexity_storage/rmd17_aspirin_splits1_5/checkpoints/snakemake_done/rmd17_aspirin_split03_gzip_bytes_cart_ws10_st10_seed42.done
    shell:
        /scicore/home/meuwly/boitti0000/mmml/.venv/bin/python -m src.snakemake_runner run-selection --selection-name gzip_bytes_cart_ws10_seed42 --output-json /scicore/home/meuwly/boitti0000/epiplexity_storage/rmd17_aspirin_splits1_5/checkpoints/experiment_metadata/rmd17_aspirin_split03_gzip_bytes_cart_ws10_st10_seed42/result_summary.json --done-file /scicore/home/meuwly/boitti0000/epiplexity_storage/rmd17_aspirin_splits1_5/checkpoints/snakemake_done/rmd17_aspirin_split03_gzip_bytes_cart_ws10_st10_seed42.done --molecule rmd17_aspirin --data-path /scicore/home/meuwly/boitti0000/data/rmd17/npz_data/rmd17_aspirin.npz --splits-dir '' --split-id 3 --ckpt-root /tmp/epiplexity_mlip/rmd17_aspirin_splits1_5/checkpoints --shared-ckpt-root /scicore/home/meuwly/boitti0000/epiplexity_storage/rmd17_aspirin_splits1_5/checkpoints --num-epochs 1000 --batch-size 50 --learning-rate 0.001 --n-train 950 --n-valid 50 --energy-weight 1.0 --forces-weight 52.91 --save-every-epoch False --save-every-n-epochs 50 --teacher-cutoff 12.0 --log-tb False --print-freq 1 --student-epochs 1000 --student-learning-rate 0.001 --student-features 32 --student-max-degree 0 --student-num-iterations 2 --student-num-basis-functions 16 --student-cutoff 12.0 --student-charges False --student-zbl False --convert-to-ev True --window-size 10 --stride 10 --train-fraction 0.95 --seeds 42 43 44 --metrics gzip_bytes_cart gzip_bytes_zmat gzip_bytes_soap --resume True --teacher-noise-scale 0.0 
        (command exited with non-zero exit code)
[Fri May 29 13:29:12 2026]
Error in rule run_selection:
    message: None
    jobid: 14
    output: /scicore/home/meuwly/boitti0000/epiplexity_storage/rmd17_aspirin_splits1_5/checkpoints/experiment_metadata/rmd17_aspirin_split02_random_seed42/result_summary.json, /scicore/home/meuwly/boitti0000/epiplexity_storage/rmd17_aspirin_splits1_5/checkpoints/snakemake_done/rmd17_aspirin_split02_random_seed42.done
    shell:
        /scicore/home/meuwly/boitti0000/mmml/.venv/bin/python -m src.snakemake_runner run-selection --selection-name random_seed42 --output-json /scicore/home/meuwly/boitti0000/epiplexity_storage/rmd17_aspirin_splits1_5/checkpoints/experiment_metadata/rmd17_aspirin_split02_random_seed42/result_summary.json --done-file /scicore/home/meuwly/boitti0000/epiplexity_storage/rmd17_aspirin_splits1_5/checkpoints/snakemake_done/rmd17_aspirin_split02_random_seed42.done --molecule rmd17_aspirin --data-path /scicore/home/meuwly/boitti0000/data/rmd17/npz_data/rmd17_aspirin.npz --splits-dir '' --split-id 2 --ckpt-root /tmp/epiplexity_mlip/rmd17_aspirin_splits1_5/checkpoints --shared-ckpt-root /scicore/home/meuwly/boitti0000/epiplexity_storage/rmd17_aspirin_splits1_5/checkpoints --num-epochs 1000 --batch-size 50 --learning-rate 0.001 --n-train 950 --n-valid 50 --energy-weight 1.0 --forces-weight 52.91 --save-every-epoch False --save-every-n-epochs 50 --teacher-cutoff 12.0 --log-tb False --print-freq 1 --student-epochs 1000 --student-learning-rate 0.001 --student-features 32 --student-max-degree 0 --student-num-iterations 2 --student-num-basis-functions 16 --student-cutoff 12.0 --student-charges False --student-zbl False --convert-to-ev True --window-size 10 --stride 10 --train-fraction 0.95 --seeds 42 43 44 --metrics gzip_bytes_cart gzip_bytes_zmat gzip_bytes_soap --resume True --teacher-noise-scale 0.0 
        (command exited with non-zero exit code)
[Fri May 29 13:29:12 2026]
Error in rule run_selection:
    message: None
    jobid: 24
    output: /scicore/home/meuwly/boitti0000/epiplexity_storage/rmd17_aspirin_splits1_5/checkpoints/experiment_metadata/rmd17_aspirin_split02_gzip_bytes_zmat_ws10_st10_seed44/result_summary.json, /scicore/home/meuwly/boitti0000/epiplexity_storage/rmd17_aspirin_splits1_5/checkpoints/snakemake_done/rmd17_aspirin_split02_gzip_bytes_zmat_ws10_st10_seed44.done
    shell:
        /scicore/home/meuwly/boitti0000/mmml/.venv/bin/python -m src.snakemake_runner run-selection --selection-name gzip_bytes_zmat_ws10_seed44 --output-json /scicore/home/meuwly/boitti0000/epiplexity_storage/rmd17_aspirin_splits1_5/checkpoints/experiment_metadata/rmd17_aspirin_split02_gzip_bytes_zmat_ws10_st10_seed44/result_summary.json --done-file /scicore/home/meuwly/boitti0000/epiplexity_storage/rmd17_aspirin_splits1_5/checkpoints/snakemake_done/rmd17_aspirin_split02_gzip_bytes_zmat_ws10_st10_seed44.done --molecule rmd17_aspirin --data-path /scicore/home/meuwly/boitti0000/data/rmd17/npz_data/rmd17_aspirin.npz --splits-dir '' --split-id 2 --ckpt-root /tmp/epiplexity_mlip/rmd17_aspirin_splits1_5/checkpoints --shared-ckpt-root /scicore/home/meuwly/boitti0000/epiplexity_storage/rmd17_aspirin_splits1_5/checkpoints --num-epochs 1000 --batch-size 50 --learning-rate 0.001 --n-train 950 --n-valid 50 --energy-weight 1.0 --forces-weight 52.91 --save-every-epoch False --save-every-n-epochs 50 --teacher-cutoff 12.0 --log-tb False --print-freq 1 --student-epochs 1000 --student-learning-rate 0.001 --student-features 32 --student-max-degree 0 --student-num-iterations 2 --student-num-basis-functions 16 --student-cutoff 12.0 --student-charges False --student-zbl False --convert-to-ev True --window-size 10 --stride 10 --train-fraction 0.95 --seeds 42 43 44 --metrics gzip_bytes_cart gzip_bytes_zmat gzip_bytes_soap --resume True --teacher-noise-scale 0.0 
        (command exited with non-zero exit code)
[Fri May 29 13:29:12 2026]
Error in rule run_selection:
    message: None
    jobid: 9
    output: /scicore/home/meuwly/boitti0000/epiplexity_storage/rmd17_aspirin_splits1_5/checkpoints/experiment_metadata/rmd17_aspirin_split01_gzip_bytes_zmat_ws10_st10_seed43/result_summary.json, /scicore/home/meuwly/boitti0000/epiplexity_storage/rmd17_aspirin_splits1_5/checkpoints/snakemake_done/rmd17_aspirin_split01_gzip_bytes_zmat_ws10_st10_seed43.done
    shell:
        /scicore/home/meuwly/boitti0000/mmml/.venv/bin/python -m src.snakemake_runner run-selection --selection-name gzip_bytes_zmat_ws10_seed43 --output-json /scicore/home/meuwly/boitti0000/epiplexity_storage/rmd17_aspirin_splits1_5/checkpoints/experiment_metadata/rmd17_aspirin_split01_gzip_bytes_zmat_ws10_st10_seed43/result_summary.json --done-file /scicore/home/meuwly/boitti0000/epiplexity_storage/rmd17_aspirin_splits1_5/checkpoints/snakemake_done/rmd17_aspirin_split01_gzip_bytes_zmat_ws10_st10_seed43.done --molecule rmd17_aspirin --data-path /scicore/home/meuwly/boitti0000/data/rmd17/npz_data/rmd17_aspirin.npz --splits-dir '' --split-id 1 --ckpt-root /tmp/epiplexity_mlip/rmd17_aspirin_splits1_5/checkpoints --shared-ckpt-root /scicore/home/meuwly/boitti0000/epiplexity_storage/rmd17_aspirin_splits1_5/checkpoints --num-epochs 1000 --batch-size 50 --learning-rate 0.001 --n-train 950 --n-valid 50 --energy-weight 1.0 --forces-weight 52.91 --save-every-epoch False --save-every-n-epochs 50 --teacher-cutoff 12.0 --log-tb False --print-freq 1 --student-epochs 1000 --student-learning-rate 0.001 --student-features 32 --student-max-degree 0 --student-num-iterations 2 --student-num-basis-functions 16 --student-cutoff 12.0 --student-charges False --student-zbl False --convert-to-ev True --window-size 10 --stride 10 --train-fraction 0.95 --seeds 42 43 44 --metrics gzip_bytes_cart gzip_bytes_zmat gzip_bytes_soap --resume True --teacher-noise-scale 0.0 
        (command exited with non-zero exit code)
Complete log(s): /scicore/home/meuwly/boitti0000/epiplexity/.snakemake/log/2026-05-29T132700.329973.snakemake.log
WorkflowError:
At least one job did not complete successfully.
