host: login12
Building DAG of jobs...
Using shell: /usr/bin/bash
Provided remote nodes: 50
Job stats:
job              count
-------------  -------
run_selection       12
aggregate            1
all                  1
total               14

Select jobs to execute...
Execute 12 jobs...
[Thu May 28 12:52:17 2026]
rule run_selection:
    output: checkpoints/rmd17_aspirin/experiment_metadata/rmd17_aspirin_split01_gzip_bytes_soap_ws10_st10_seed42/result_summary.json, checkpoints/rmd17_aspirin/snakemake_done/rmd17_aspirin_split01_gzip_bytes_soap_ws10_st10_seed42.done
    jobid: 7
    reason: Missing output files: checkpoints/rmd17_aspirin/experiment_metadata/rmd17_aspirin_split01_gzip_bytes_soap_ws10_st10_seed42/result_summary.json
    wildcards: run_name=rmd17_aspirin_split01_gzip_bytes_soap_ws10_st10_seed42
    resources: tmpdir=<TBD>
Shell command: python -m src.snakemake_runner run-selection --selection-name gzip_bytes_soap_ws10_seed42 --output-json checkpoints/rmd17_aspirin/experiment_metadata/rmd17_aspirin_split01_gzip_bytes_soap_ws10_st10_seed42/result_summary.json --done-file checkpoints/rmd17_aspirin/snakemake_done/rmd17_aspirin_split01_gzip_bytes_soap_ws10_st10_seed42.done --molecule rmd17_aspirin --data-path /scicore/home/meuwly/boitti0000/data/rmd17/npz_data/rmd17_aspirin.npz --splits-dir '' --split-id 1 --ckpt-root checkpoints/rmd17_aspirin --num-epochs 1000 --batch-size 50 --learning-rate 0.001 --n-train 950 --n-valid 50 --energy-weight 1.0 --forces-weight 52.91 --save-every-epoch True --log-tb False --print-freq 1 --student-epochs 500 --student-learning-rate 0.0005 --student-features 32 --student-max-degree 0 --student-num-iterations 2 --student-num-basis-functions 16 --student-cutoff 5.0 --student-charges False --student-zbl False --convert-to-ev True --window-size 10 --stride 10 --train-fraction 0.95 --seeds 42 43 44 --metrics gzip_bytes_cart gzip_bytes_zmat gzip_bytes_soap
Submitted job 7 with external jobid 'Submitted batch job 12655920'.
[Thu May 28 12:52:17 2026]
rule run_selection:
    output: checkpoints/rmd17_aspirin/experiment_metadata/rmd17_aspirin_split01_gzip_bytes_zmat_ws10_st10_seed43/result_summary.json, checkpoints/rmd17_aspirin/snakemake_done/rmd17_aspirin_split01_gzip_bytes_zmat_ws10_st10_seed43.done
    jobid: 9
    reason: Missing output files: checkpoints/rmd17_aspirin/experiment_metadata/rmd17_aspirin_split01_gzip_bytes_zmat_ws10_st10_seed43/result_summary.json
    wildcards: run_name=rmd17_aspirin_split01_gzip_bytes_zmat_ws10_st10_seed43
    resources: tmpdir=<TBD>
Shell command: python -m src.snakemake_runner run-selection --selection-name gzip_bytes_zmat_ws10_seed43 --output-json checkpoints/rmd17_aspirin/experiment_metadata/rmd17_aspirin_split01_gzip_bytes_zmat_ws10_st10_seed43/result_summary.json --done-file checkpoints/rmd17_aspirin/snakemake_done/rmd17_aspirin_split01_gzip_bytes_zmat_ws10_st10_seed43.done --molecule rmd17_aspirin --data-path /scicore/home/meuwly/boitti0000/data/rmd17/npz_data/rmd17_aspirin.npz --splits-dir '' --split-id 1 --ckpt-root checkpoints/rmd17_aspirin --num-epochs 1000 --batch-size 50 --learning-rate 0.001 --n-train 950 --n-valid 50 --energy-weight 1.0 --forces-weight 52.91 --save-every-epoch True --log-tb False --print-freq 1 --student-epochs 500 --student-learning-rate 0.0005 --student-features 32 --student-max-degree 0 --student-num-iterations 2 --student-num-basis-functions 16 --student-cutoff 5.0 --student-charges False --student-zbl False --convert-to-ev True --window-size 10 --stride 10 --train-fraction 0.95 --seeds 42 43 44 --metrics gzip_bytes_cart gzip_bytes_zmat gzip_bytes_soap
Submitted job 9 with external jobid 'Submitted batch job 12655921'.
[Thu May 28 12:52:17 2026]
rule run_selection:
    output: checkpoints/rmd17_aspirin/experiment_metadata/rmd17_aspirin_split01_gzip_bytes_cart_ws10_st10_seed44/result_summary.json, checkpoints/rmd17_aspirin/snakemake_done/rmd17_aspirin_split01_gzip_bytes_cart_ws10_st10_seed44.done
    jobid: 11
    reason: Missing output files: checkpoints/rmd17_aspirin/experiment_metadata/rmd17_aspirin_split01_gzip_bytes_cart_ws10_st10_seed44/result_summary.json
    wildcards: run_name=rmd17_aspirin_split01_gzip_bytes_cart_ws10_st10_seed44
    resources: tmpdir=<TBD>
Shell command: python -m src.snakemake_runner run-selection --selection-name gzip_bytes_cart_ws10_seed44 --output-json checkpoints/rmd17_aspirin/experiment_metadata/rmd17_aspirin_split01_gzip_bytes_cart_ws10_st10_seed44/result_summary.json --done-file checkpoints/rmd17_aspirin/snakemake_done/rmd17_aspirin_split01_gzip_bytes_cart_ws10_st10_seed44.done --molecule rmd17_aspirin --data-path /scicore/home/meuwly/boitti0000/data/rmd17/npz_data/rmd17_aspirin.npz --splits-dir '' --split-id 1 --ckpt-root checkpoints/rmd17_aspirin --num-epochs 1000 --batch-size 50 --learning-rate 0.001 --n-train 950 --n-valid 50 --energy-weight 1.0 --forces-weight 52.91 --save-every-epoch True --log-tb False --print-freq 1 --student-epochs 500 --student-learning-rate 0.0005 --student-features 32 --student-max-degree 0 --student-num-iterations 2 --student-num-basis-functions 16 --student-cutoff 5.0 --student-charges False --student-zbl False --convert-to-ev True --window-size 10 --stride 10 --train-fraction 0.95 --seeds 42 43 44 --metrics gzip_bytes_cart gzip_bytes_zmat gzip_bytes_soap
Submitted job 11 with external jobid 'Submitted batch job 12655922'.
[Thu May 28 12:52:17 2026]
rule run_selection:
    output: checkpoints/rmd17_aspirin/experiment_metadata/rmd17_aspirin_split01_gzip_bytes_soap_ws10_st10_seed44/result_summary.json, checkpoints/rmd17_aspirin/snakemake_done/rmd17_aspirin_split01_gzip_bytes_soap_ws10_st10_seed44.done
    jobid: 13
    reason: Missing output files: checkpoints/rmd17_aspirin/experiment_metadata/rmd17_aspirin_split01_gzip_bytes_soap_ws10_st10_seed44/result_summary.json
    wildcards: run_name=rmd17_aspirin_split01_gzip_bytes_soap_ws10_st10_seed44
    resources: tmpdir=<TBD>
Shell command: python -m src.snakemake_runner run-selection --selection-name gzip_bytes_soap_ws10_seed44 --output-json checkpoints/rmd17_aspirin/experiment_metadata/rmd17_aspirin_split01_gzip_bytes_soap_ws10_st10_seed44/result_summary.json --done-file checkpoints/rmd17_aspirin/snakemake_done/rmd17_aspirin_split01_gzip_bytes_soap_ws10_st10_seed44.done --molecule rmd17_aspirin --data-path /scicore/home/meuwly/boitti0000/data/rmd17/npz_data/rmd17_aspirin.npz --splits-dir '' --split-id 1 --ckpt-root checkpoints/rmd17_aspirin --num-epochs 1000 --batch-size 50 --learning-rate 0.001 --n-train 950 --n-valid 50 --energy-weight 1.0 --forces-weight 52.91 --save-every-epoch True --log-tb False --print-freq 1 --student-epochs 500 --student-learning-rate 0.0005 --student-features 32 --student-max-degree 0 --student-num-iterations 2 --student-num-basis-functions 16 --student-cutoff 5.0 --student-charges False --student-zbl False --convert-to-ev True --window-size 10 --stride 10 --train-fraction 0.95 --seeds 42 43 44 --metrics gzip_bytes_cart gzip_bytes_zmat gzip_bytes_soap
Submitted job 13 with external jobid 'Submitted batch job 12655923'.
[Thu May 28 12:52:17 2026]
rule run_selection:
    output: checkpoints/rmd17_aspirin/experiment_metadata/rmd17_aspirin_split01_random_seed42/result_summary.json, checkpoints/rmd17_aspirin/snakemake_done/rmd17_aspirin_split01_random_seed42.done
    jobid: 2
    reason: Missing output files: checkpoints/rmd17_aspirin/experiment_metadata/rmd17_aspirin_split01_random_seed42/result_summary.json
    wildcards: run_name=rmd17_aspirin_split01_random_seed42
    resources: tmpdir=<TBD>
Shell command: python -m src.snakemake_runner run-selection --selection-name random_seed42 --output-json checkpoints/rmd17_aspirin/experiment_metadata/rmd17_aspirin_split01_random_seed42/result_summary.json --done-file checkpoints/rmd17_aspirin/snakemake_done/rmd17_aspirin_split01_random_seed42.done --molecule rmd17_aspirin --data-path /scicore/home/meuwly/boitti0000/data/rmd17/npz_data/rmd17_aspirin.npz --splits-dir '' --split-id 1 --ckpt-root checkpoints/rmd17_aspirin --num-epochs 1000 --batch-size 50 --learning-rate 0.001 --n-train 950 --n-valid 50 --energy-weight 1.0 --forces-weight 52.91 --save-every-epoch True --log-tb False --print-freq 1 --student-epochs 500 --student-learning-rate 0.0005 --student-features 32 --student-max-degree 0 --student-num-iterations 2 --student-num-basis-functions 16 --student-cutoff 5.0 --student-charges False --student-zbl False --convert-to-ev True --window-size 10 --stride 10 --train-fraction 0.95 --seeds 42 43 44 --metrics gzip_bytes_cart gzip_bytes_zmat gzip_bytes_soap
Submitted job 2 with external jobid 'Submitted batch job 12655924'.
[Thu May 28 12:52:18 2026]
rule run_selection:
    output: checkpoints/rmd17_aspirin/experiment_metadata/rmd17_aspirin_split01_random_seed44/result_summary.json, checkpoints/rmd17_aspirin/snakemake_done/rmd17_aspirin_split01_random_seed44.done
    jobid: 4
    reason: Missing output files: checkpoints/rmd17_aspirin/experiment_metadata/rmd17_aspirin_split01_random_seed44/result_summary.json
    wildcards: run_name=rmd17_aspirin_split01_random_seed44
    resources: tmpdir=<TBD>
Shell command: python -m src.snakemake_runner run-selection --selection-name random_seed44 --output-json checkpoints/rmd17_aspirin/experiment_metadata/rmd17_aspirin_split01_random_seed44/result_summary.json --done-file checkpoints/rmd17_aspirin/snakemake_done/rmd17_aspirin_split01_random_seed44.done --molecule rmd17_aspirin --data-path /scicore/home/meuwly/boitti0000/data/rmd17/npz_data/rmd17_aspirin.npz --splits-dir '' --split-id 1 --ckpt-root checkpoints/rmd17_aspirin --num-epochs 1000 --batch-size 50 --learning-rate 0.001 --n-train 950 --n-valid 50 --energy-weight 1.0 --forces-weight 52.91 --save-every-epoch True --log-tb False --print-freq 1 --student-epochs 500 --student-learning-rate 0.0005 --student-features 32 --student-max-degree 0 --student-num-iterations 2 --student-num-basis-functions 16 --student-cutoff 5.0 --student-charges False --student-zbl False --convert-to-ev True --window-size 10 --stride 10 --train-fraction 0.95 --seeds 42 43 44 --metrics gzip_bytes_cart gzip_bytes_zmat gzip_bytes_soap
Submitted job 4 with external jobid 'Submitted batch job 12655925'.
[Thu May 28 12:52:18 2026]
rule run_selection:
    output: checkpoints/rmd17_aspirin/experiment_metadata/rmd17_aspirin_split01_gzip_bytes_zmat_ws10_st10_seed42/result_summary.json, checkpoints/rmd17_aspirin/snakemake_done/rmd17_aspirin_split01_gzip_bytes_zmat_ws10_st10_seed42.done
    jobid: 6
    reason: Missing output files: checkpoints/rmd17_aspirin/experiment_metadata/rmd17_aspirin_split01_gzip_bytes_zmat_ws10_st10_seed42/result_summary.json
    wildcards: run_name=rmd17_aspirin_split01_gzip_bytes_zmat_ws10_st10_seed42
    resources: tmpdir=<TBD>
Shell command: python -m src.snakemake_runner run-selection --selection-name gzip_bytes_zmat_ws10_seed42 --output-json checkpoints/rmd17_aspirin/experiment_metadata/rmd17_aspirin_split01_gzip_bytes_zmat_ws10_st10_seed42/result_summary.json --done-file checkpoints/rmd17_aspirin/snakemake_done/rmd17_aspirin_split01_gzip_bytes_zmat_ws10_st10_seed42.done --molecule rmd17_aspirin --data-path /scicore/home/meuwly/boitti0000/data/rmd17/npz_data/rmd17_aspirin.npz --splits-dir '' --split-id 1 --ckpt-root checkpoints/rmd17_aspirin --num-epochs 1000 --batch-size 50 --learning-rate 0.001 --n-train 950 --n-valid 50 --energy-weight 1.0 --forces-weight 52.91 --save-every-epoch True --log-tb False --print-freq 1 --student-epochs 500 --student-learning-rate 0.0005 --student-features 32 --student-max-degree 0 --student-num-iterations 2 --student-num-basis-functions 16 --student-cutoff 5.0 --student-charges False --student-zbl False --convert-to-ev True --window-size 10 --stride 10 --train-fraction 0.95 --seeds 42 43 44 --metrics gzip_bytes_cart gzip_bytes_zmat gzip_bytes_soap
Submitted job 6 with external jobid 'Submitted batch job 12655926'.
[Thu May 28 12:52:18 2026]
rule run_selection:
    output: checkpoints/rmd17_aspirin/experiment_metadata/rmd17_aspirin_split01_gzip_bytes_cart_ws10_st10_seed43/result_summary.json, checkpoints/rmd17_aspirin/snakemake_done/rmd17_aspirin_split01_gzip_bytes_cart_ws10_st10_seed43.done
    jobid: 8
    reason: Missing output files: checkpoints/rmd17_aspirin/experiment_metadata/rmd17_aspirin_split01_gzip_bytes_cart_ws10_st10_seed43/result_summary.json
    wildcards: run_name=rmd17_aspirin_split01_gzip_bytes_cart_ws10_st10_seed43
    resources: tmpdir=<TBD>
Shell command: python -m src.snakemake_runner run-selection --selection-name gzip_bytes_cart_ws10_seed43 --output-json checkpoints/rmd17_aspirin/experiment_metadata/rmd17_aspirin_split01_gzip_bytes_cart_ws10_st10_seed43/result_summary.json --done-file checkpoints/rmd17_aspirin/snakemake_done/rmd17_aspirin_split01_gzip_bytes_cart_ws10_st10_seed43.done --molecule rmd17_aspirin --data-path /scicore/home/meuwly/boitti0000/data/rmd17/npz_data/rmd17_aspirin.npz --splits-dir '' --split-id 1 --ckpt-root checkpoints/rmd17_aspirin --num-epochs 1000 --batch-size 50 --learning-rate 0.001 --n-train 950 --n-valid 50 --energy-weight 1.0 --forces-weight 52.91 --save-every-epoch True --log-tb False --print-freq 1 --student-epochs 500 --student-learning-rate 0.0005 --student-features 32 --student-max-degree 0 --student-num-iterations 2 --student-num-basis-functions 16 --student-cutoff 5.0 --student-charges False --student-zbl False --convert-to-ev True --window-size 10 --stride 10 --train-fraction 0.95 --seeds 42 43 44 --metrics gzip_bytes_cart gzip_bytes_zmat gzip_bytes_soap
Submitted job 8 with external jobid 'Submitted batch job 12655927'.
[Thu May 28 12:52:18 2026]
rule run_selection:
    output: checkpoints/rmd17_aspirin/experiment_metadata/rmd17_aspirin_split01_gzip_bytes_soap_ws10_st10_seed43/result_summary.json, checkpoints/rmd17_aspirin/snakemake_done/rmd17_aspirin_split01_gzip_bytes_soap_ws10_st10_seed43.done
    jobid: 10
    reason: Missing output files: checkpoints/rmd17_aspirin/experiment_metadata/rmd17_aspirin_split01_gzip_bytes_soap_ws10_st10_seed43/result_summary.json
    wildcards: run_name=rmd17_aspirin_split01_gzip_bytes_soap_ws10_st10_seed43
    resources: tmpdir=<TBD>
Shell command: python -m src.snakemake_runner run-selection --selection-name gzip_bytes_soap_ws10_seed43 --output-json checkpoints/rmd17_aspirin/experiment_metadata/rmd17_aspirin_split01_gzip_bytes_soap_ws10_st10_seed43/result_summary.json --done-file checkpoints/rmd17_aspirin/snakemake_done/rmd17_aspirin_split01_gzip_bytes_soap_ws10_st10_seed43.done --molecule rmd17_aspirin --data-path /scicore/home/meuwly/boitti0000/data/rmd17/npz_data/rmd17_aspirin.npz --splits-dir '' --split-id 1 --ckpt-root checkpoints/rmd17_aspirin --num-epochs 1000 --batch-size 50 --learning-rate 0.001 --n-train 950 --n-valid 50 --energy-weight 1.0 --forces-weight 52.91 --save-every-epoch True --log-tb False --print-freq 1 --student-epochs 500 --student-learning-rate 0.0005 --student-features 32 --student-max-degree 0 --student-num-iterations 2 --student-num-basis-functions 16 --student-cutoff 5.0 --student-charges False --student-zbl False --convert-to-ev True --window-size 10 --stride 10 --train-fraction 0.95 --seeds 42 43 44 --metrics gzip_bytes_cart gzip_bytes_zmat gzip_bytes_soap
Submitted job 10 with external jobid 'Submitted batch job 12655928'.
[Thu May 28 12:52:18 2026]
rule run_selection:
    output: checkpoints/rmd17_aspirin/experiment_metadata/rmd17_aspirin_split01_gzip_bytes_zmat_ws10_st10_seed44/result_summary.json, checkpoints/rmd17_aspirin/snakemake_done/rmd17_aspirin_split01_gzip_bytes_zmat_ws10_st10_seed44.done
    jobid: 12
    reason: Missing output files: checkpoints/rmd17_aspirin/experiment_metadata/rmd17_aspirin_split01_gzip_bytes_zmat_ws10_st10_seed44/result_summary.json
    wildcards: run_name=rmd17_aspirin_split01_gzip_bytes_zmat_ws10_st10_seed44
    resources: tmpdir=<TBD>
Shell command: python -m src.snakemake_runner run-selection --selection-name gzip_bytes_zmat_ws10_seed44 --output-json checkpoints/rmd17_aspirin/experiment_metadata/rmd17_aspirin_split01_gzip_bytes_zmat_ws10_st10_seed44/result_summary.json --done-file checkpoints/rmd17_aspirin/snakemake_done/rmd17_aspirin_split01_gzip_bytes_zmat_ws10_st10_seed44.done --molecule rmd17_aspirin --data-path /scicore/home/meuwly/boitti0000/data/rmd17/npz_data/rmd17_aspirin.npz --splits-dir '' --split-id 1 --ckpt-root checkpoints/rmd17_aspirin --num-epochs 1000 --batch-size 50 --learning-rate 0.001 --n-train 950 --n-valid 50 --energy-weight 1.0 --forces-weight 52.91 --save-every-epoch True --log-tb False --print-freq 1 --student-epochs 500 --student-learning-rate 0.0005 --student-features 32 --student-max-degree 0 --student-num-iterations 2 --student-num-basis-functions 16 --student-cutoff 5.0 --student-charges False --student-zbl False --convert-to-ev True --window-size 10 --stride 10 --train-fraction 0.95 --seeds 42 43 44 --metrics gzip_bytes_cart gzip_bytes_zmat gzip_bytes_soap
Submitted job 12 with external jobid 'Submitted batch job 12655929'.
[Thu May 28 12:52:18 2026]
rule run_selection:
    output: checkpoints/rmd17_aspirin/experiment_metadata/rmd17_aspirin_split01_random_seed43/result_summary.json, checkpoints/rmd17_aspirin/snakemake_done/rmd17_aspirin_split01_random_seed43.done
    jobid: 3
    reason: Missing output files: checkpoints/rmd17_aspirin/experiment_metadata/rmd17_aspirin_split01_random_seed43/result_summary.json
    wildcards: run_name=rmd17_aspirin_split01_random_seed43
    resources: tmpdir=<TBD>
Shell command: python -m src.snakemake_runner run-selection --selection-name random_seed43 --output-json checkpoints/rmd17_aspirin/experiment_metadata/rmd17_aspirin_split01_random_seed43/result_summary.json --done-file checkpoints/rmd17_aspirin/snakemake_done/rmd17_aspirin_split01_random_seed43.done --molecule rmd17_aspirin --data-path /scicore/home/meuwly/boitti0000/data/rmd17/npz_data/rmd17_aspirin.npz --splits-dir '' --split-id 1 --ckpt-root checkpoints/rmd17_aspirin --num-epochs 1000 --batch-size 50 --learning-rate 0.001 --n-train 950 --n-valid 50 --energy-weight 1.0 --forces-weight 52.91 --save-every-epoch True --log-tb False --print-freq 1 --student-epochs 500 --student-learning-rate 0.0005 --student-features 32 --student-max-degree 0 --student-num-iterations 2 --student-num-basis-functions 16 --student-cutoff 5.0 --student-charges False --student-zbl False --convert-to-ev True --window-size 10 --stride 10 --train-fraction 0.95 --seeds 42 43 44 --metrics gzip_bytes_cart gzip_bytes_zmat gzip_bytes_soap
Submitted job 3 with external jobid 'Submitted batch job 12655930'.
[Thu May 28 12:52:18 2026]
rule run_selection:
    output: checkpoints/rmd17_aspirin/experiment_metadata/rmd17_aspirin_split01_gzip_bytes_cart_ws10_st10_seed42/result_summary.json, checkpoints/rmd17_aspirin/snakemake_done/rmd17_aspirin_split01_gzip_bytes_cart_ws10_st10_seed42.done
    jobid: 5
    reason: Missing output files: checkpoints/rmd17_aspirin/experiment_metadata/rmd17_aspirin_split01_gzip_bytes_cart_ws10_st10_seed42/result_summary.json
    wildcards: run_name=rmd17_aspirin_split01_gzip_bytes_cart_ws10_st10_seed42
    resources: tmpdir=<TBD>
Shell command: python -m src.snakemake_runner run-selection --selection-name gzip_bytes_cart_ws10_seed42 --output-json checkpoints/rmd17_aspirin/experiment_metadata/rmd17_aspirin_split01_gzip_bytes_cart_ws10_st10_seed42/result_summary.json --done-file checkpoints/rmd17_aspirin/snakemake_done/rmd17_aspirin_split01_gzip_bytes_cart_ws10_st10_seed42.done --molecule rmd17_aspirin --data-path /scicore/home/meuwly/boitti0000/data/rmd17/npz_data/rmd17_aspirin.npz --splits-dir '' --split-id 1 --ckpt-root checkpoints/rmd17_aspirin --num-epochs 1000 --batch-size 50 --learning-rate 0.001 --n-train 950 --n-valid 50 --energy-weight 1.0 --forces-weight 52.91 --save-every-epoch True --log-tb False --print-freq 1 --student-epochs 500 --student-learning-rate 0.0005 --student-features 32 --student-max-degree 0 --student-num-iterations 2 --student-num-basis-functions 16 --student-cutoff 5.0 --student-charges False --student-zbl False --convert-to-ev True --window-size 10 --stride 10 --train-fraction 0.95 --seeds 42 43 44 --metrics gzip_bytes_cart gzip_bytes_zmat gzip_bytes_soap
Submitted job 5 with external jobid 'Submitted batch job 12655931'.
Terminating processes on user request, this might take some time.
1 out of 1 calls to --cluster-cancel failed. This is safe to ignore in most cases.
